2025-06-21 06:56:28 |     INFO | enrichment | [AGGREGATION] aggregator: Starting aggregation for Daft Punk - Get Lucky | Context: {"task_type": "aggregation", "track_artist": "Daft Punk", "track_title": "Get Lucky"}
2025-06-21 06:56:28 |    DEBUG | enrichment | [CACHE_MISS] musicbrainz: Cache miss for Daft Punk - Get Lucky | Context: {"task_type": "aggregation", "track_artist": "Daft Punk", "track_title": "Get Lucky"}
2025-06-21 06:56:28 |    DEBUG | enrichment | [API_REQUEST] musicbrainz: Requesting Daft Punk - Get Lucky | Context: {"task_type": "aggregation", "track_artist": "Daft Punk", "track_title": "Get Lucky"}
2025-06-21 06:56:28 |     INFO | enrichment | [API_RESPONSE] musicbrainz: Response from musicbrainz: SUCCESS | Context: {"task_type": "aggregation", "track_artist": "Daft Punk", "track_title": "Get Lucky"}
2025-06-21 06:56:28 |    DEBUG | enrichment | [CACHE_MISS] spotify: Cache miss for Daft Punk - Get Lucky | Context: {"task_type": "aggregation", "track_artist": "Daft Punk", "track_title": "Get Lucky"}
2025-06-21 06:56:28 |    DEBUG | enrichment | [API_REQUEST] spotify: Requesting Daft Punk - Get Lucky | Context: {"task_type": "aggregation", "track_artist": "Daft Punk", "track_title": "Get Lucky"}
2025-06-21 06:56:28 |     INFO | enrichment | [API_RESPONSE] spotify: Response from spotify: SUCCESS | Context: {"task_type": "aggregation", "track_artist": "Daft Punk", "track_title": "Get Lucky"}
2025-06-21 06:56:28 |     INFO | enrichment | [API_REQUEST] curator: Curación completada: 3 -> 2 géneros | Context: {"task_type": "aggregation", "track_artist": "Daft Punk", "track_title": "Get Lucky"}
2025-06-21 06:56:28 |     INFO | enrichment | [AGGREGATION] aggregator: Aggregation completed: 2 genres found | Context: {"task_type": "aggregation", "track_artist": "Daft Punk", "track_title": "Get Lucky"}
2025-06-21 06:56:28 |     INFO | enrichment | [AGGREGATION] aggregator: Starting aggregation for Daft Punk - Get Lucky | Context: {"task_type": "aggregation", "track_artist": "Daft Punk", "track_title": "Get Lucky"}
2025-06-21 06:56:28 |    DEBUG | enrichment | [CACHE_HIT] musicbrainz: Cache hit for Daft Punk - Get Lucky | Context: {"task_type": "aggregation", "track_artist": "Daft Punk", "track_title": "Get Lucky"}
2025-06-21 06:56:28 |    DEBUG | enrichment | [CACHE_HIT] spotify: Cache hit for Daft Punk - Get Lucky | Context: {"task_type": "aggregation", "track_artist": "Daft Punk", "track_title": "Get Lucky"}
2025-06-21 06:56:28 |     INFO | enrichment | [API_REQUEST] curator: Curación completada: 3 -> 2 géneros | Context: {"task_type": "aggregation", "track_artist": "Daft Punk", "track_title": "Get Lucky"}
2025-06-21 06:56:28 |     INFO | enrichment | [AGGREGATION] aggregator: Aggregation completed: 2 genres found | Context: {"task_type": "aggregation", "track_artist": "Daft Punk", "track_title": "Get Lucky"}
2025-06-21 07:07:37 |     INFO | enrichment | [AGGREGATION] aggregator: Starting aggregation for The Chainsmokers - Something Just Like This | Context: {"task_type": "aggregation", "track_artist": "The Chainsmokers", "track_title": "Something Just Like This"}
2025-06-21 07:07:37 |    DEBUG | enrichment | [CACHE_MISS] musicbrainz: Cache miss for The Chainsmokers - Something Just Like This | Context: {"task_type": "aggregation", "track_artist": "The Chainsmokers", "track_title": "Something Just Like This"}
2025-06-21 07:07:37 |    DEBUG | enrichment | [API_REQUEST] musicbrainz: Requesting The Chainsmokers - Something Just Like This | Context: {"task_type": "aggregation", "track_artist": "The Chainsmokers", "track_title": "Something Just Like This"}
2025-06-21 07:07:41 |     INFO | enrichment | [API_RESPONSE] musicbrainz: Response from musicbrainz: SUCCESS | Context: {"task_type": "aggregation", "track_artist": "The Chainsmokers", "track_title": "Something Just Like This"}
2025-06-21 07:07:41 |    DEBUG | enrichment | [CACHE_MISS] spotify: Cache miss for The Chainsmokers - Something Just Like This | Context: {"task_type": "aggregation", "track_artist": "The Chainsmokers", "track_title": "Something Just Like This"}
2025-06-21 07:07:41 |    DEBUG | enrichment | [API_REQUEST] spotify: Requesting The Chainsmokers - Something Just Like This | Context: {"task_type": "aggregation", "track_artist": "The Chainsmokers", "track_title": "Something Just Like This"}
2025-06-21 07:07:42 |     INFO | enrichment | [API_RESPONSE] spotify: Response from spotify: SUCCESS | Context: {"task_type": "aggregation", "track_artist": "The Chainsmokers", "track_title": "Something Just Like This"}
2025-06-21 07:07:42 |    DEBUG | enrichment | [CACHE_MISS] discogs: Cache miss for The Chainsmokers - Something Just Like This | Context: {"task_type": "aggregation", "track_artist": "The Chainsmokers", "track_title": "Something Just Like This"}
2025-06-21 07:07:42 |    DEBUG | enrichment | [API_REQUEST] discogs: Requesting The Chainsmokers - Something Just Like This | Context: {"task_type": "aggregation", "track_artist": "The Chainsmokers", "track_title": "Something Just Like This"}
2025-06-21 07:07:42 |     INFO | enrichment | [API_RESPONSE] discogs: Response from discogs: SUCCESS | Context: {"task_type": "aggregation", "track_artist": "The Chainsmokers", "track_title": "Something Just Like This"}
2025-06-21 07:07:42 |  WARNING | enrichment | [ERROR] aggregator: Pocos datos obtenidos, activando fallback | Context: {"task_type": "aggregation", "track_artist": "The Chainsmokers", "track_title": "Something Just Like This"}
2025-06-21 07:07:42 |    DEBUG | enrichment | [CACHE_MISS] lastfm: Cache miss for The Chainsmokers - Something Just Like This | Context: {"task_type": "aggregation", "track_artist": "The Chainsmokers", "track_title": "Something Just Like This"}
2025-06-21 07:07:42 |    DEBUG | enrichment | [API_REQUEST] lastfm: Requesting The Chainsmokers - Something Just Like This | Context: {"task_type": "aggregation", "track_artist": "The Chainsmokers", "track_title": "Something Just Like This"}
2025-06-21 07:07:42 |     INFO | enrichment | [API_RESPONSE] lastfm: Response from lastfm: SUCCESS | Context: {"task_type": "aggregation", "track_artist": "The Chainsmokers", "track_title": "Something Just Like This"}
2025-06-21 07:07:42 |     INFO | enrichment | [API_REQUEST] curator: Curación completada: 4 -> 4 géneros | Context: {"task_type": "aggregation", "track_artist": "The Chainsmokers", "track_title": "Something Just Like This"}
2025-06-21 07:07:42 |     INFO | enrichment | [AGGREGATION] aggregator: Aggregation completed: 4 genres found | Context: {"task_type": "aggregation", "track_artist": "The Chainsmokers", "track_title": "Something Just Like This"}
2025-06-21 07:08:05 |     INFO | enrichment | [AGGREGATION] aggregator: Starting aggregation for Oasis - She's Electric (DJ Edit) | Context: {"task_type": "aggregation", "track_artist": "Oasis", "track_title": "She's Electric (DJ Edit)"}
2025-06-21 07:08:05 |    DEBUG | enrichment | [CACHE_MISS] musicbrainz: Cache miss for Oasis - She's Electric (DJ Edit) | Context: {"task_type": "aggregation", "track_artist": "Oasis", "track_title": "She's Electric (DJ Edit)"}
2025-06-21 07:08:05 |    DEBUG | enrichment | [API_REQUEST] musicbrainz: Requesting Oasis - She's Electric (DJ Edit) | Context: {"task_type": "aggregation", "track_artist": "Oasis", "track_title": "She's Electric (DJ Edit)"}
2025-06-21 07:08:08 |     INFO | enrichment | [API_RESPONSE] musicbrainz: Response from musicbrainz: SUCCESS | Context: {"task_type": "aggregation", "track_artist": "Oasis", "track_title": "She's Electric (DJ Edit)"}
2025-06-21 07:08:08 |    DEBUG | enrichment | [CACHE_MISS] spotify: Cache miss for Oasis - She's Electric (DJ Edit) | Context: {"task_type": "aggregation", "track_artist": "Oasis", "track_title": "She's Electric (DJ Edit)"}
2025-06-21 07:08:08 |    DEBUG | enrichment | [API_REQUEST] spotify: Requesting Oasis - She's Electric (DJ Edit) | Context: {"task_type": "aggregation", "track_artist": "Oasis", "track_title": "She's Electric (DJ Edit)"}
2025-06-21 07:08:09 |     INFO | enrichment | [API_RESPONSE] spotify: Response from spotify: SUCCESS | Context: {"task_type": "aggregation", "track_artist": "Oasis", "track_title": "She's Electric (DJ Edit)"}
2025-06-21 07:08:09 |    DEBUG | enrichment | [CACHE_MISS] discogs: Cache miss for Oasis - She's Electric (DJ Edit) | Context: {"task_type": "aggregation", "track_artist": "Oasis", "track_title": "She's Electric (DJ Edit)"}
2025-06-21 07:08:09 |    DEBUG | enrichment | [API_REQUEST] discogs: Requesting Oasis - She's Electric (DJ Edit) | Context: {"task_type": "aggregation", "track_artist": "Oasis", "track_title": "She's Electric (DJ Edit)"}
2025-06-21 07:08:09 |     INFO | enrichment | [API_RESPONSE] discogs: Response from discogs: SUCCESS | Context: {"task_type": "aggregation", "track_artist": "Oasis", "track_title": "She's Electric (DJ Edit)"}
2025-06-21 07:08:09 |     INFO | enrichment | [API_REQUEST] curator: Curación completada: 3 -> 2 géneros | Context: {"task_type": "aggregation", "track_artist": "Oasis", "track_title": "She's Electric (DJ Edit)"}
2025-06-21 07:08:09 |     INFO | enrichment | [AGGREGATION] aggregator: Aggregation completed: 2 genres found | Context: {"task_type": "aggregation", "track_artist": "Oasis", "track_title": "She's Electric (DJ Edit)"}
2025-06-21 07:08:25 |     INFO | enrichment | [AGGREGATION] aggregator: Starting aggregation for will.i.am - Scream & Shout | Context: {"task_type": "aggregation", "track_artist": "will.i.am", "track_title": "Scream & Shout"}
2025-06-21 07:08:25 |    DEBUG | enrichment | [CACHE_MISS] musicbrainz: Cache miss for will.i.am - Scream & Shout | Context: {"task_type": "aggregation", "track_artist": "will.i.am", "track_title": "Scream & Shout"}
2025-06-21 07:08:25 |    DEBUG | enrichment | [API_REQUEST] musicbrainz: Requesting will.i.am - Scream & Shout | Context: {"task_type": "aggregation", "track_artist": "will.i.am", "track_title": "Scream & Shout"}
2025-06-21 07:08:29 |     INFO | enrichment | [API_RESPONSE] musicbrainz: Response from musicbrainz: SUCCESS | Context: {"task_type": "aggregation", "track_artist": "will.i.am", "track_title": "Scream & Shout"}
2025-06-21 07:08:29 |    DEBUG | enrichment | [CACHE_MISS] spotify: Cache miss for will.i.am - Scream & Shout | Context: {"task_type": "aggregation", "track_artist": "will.i.am", "track_title": "Scream & Shout"}
2025-06-21 07:08:29 |    DEBUG | enrichment | [API_REQUEST] spotify: Requesting will.i.am - Scream & Shout | Context: {"task_type": "aggregation", "track_artist": "will.i.am", "track_title": "Scream & Shout"}
2025-06-21 07:08:30 |     INFO | enrichment | [API_RESPONSE] spotify: Response from spotify: SUCCESS | Context: {"task_type": "aggregation", "track_artist": "will.i.am", "track_title": "Scream & Shout"}
2025-06-21 07:08:30 |    DEBUG | enrichment | [CACHE_MISS] discogs: Cache miss for will.i.am - Scream & Shout | Context: {"task_type": "aggregation", "track_artist": "will.i.am", "track_title": "Scream & Shout"}
2025-06-21 07:08:30 |    DEBUG | enrichment | [API_REQUEST] discogs: Requesting will.i.am - Scream & Shout | Context: {"task_type": "aggregation", "track_artist": "will.i.am", "track_title": "Scream & Shout"}
2025-06-21 07:08:30 |     INFO | enrichment | [API_RESPONSE] discogs: Response from discogs: SUCCESS | Context: {"task_type": "aggregation", "track_artist": "will.i.am", "track_title": "Scream & Shout"}
2025-06-21 07:08:30 |  WARNING | enrichment | [ERROR] aggregator: Pocos datos obtenidos, activando fallback | Context: {"task_type": "aggregation", "track_artist": "will.i.am", "track_title": "Scream & Shout"}
2025-06-21 07:08:30 |    DEBUG | enrichment | [CACHE_MISS] lastfm: Cache miss for will.i.am - Scream & Shout | Context: {"task_type": "aggregation", "track_artist": "will.i.am", "track_title": "Scream & Shout"}
2025-06-21 07:08:30 |    DEBUG | enrichment | [API_REQUEST] lastfm: Requesting will.i.am - Scream & Shout | Context: {"task_type": "aggregation", "track_artist": "will.i.am", "track_title": "Scream & Shout"}
2025-06-21 07:08:30 |     INFO | enrichment | [API_RESPONSE] lastfm: Response from lastfm: SUCCESS | Context: {"task_type": "aggregation", "track_artist": "will.i.am", "track_title": "Scream & Shout"}
2025-06-21 07:08:30 |     INFO | enrichment | [API_REQUEST] curator: Curación completada: 3 -> 2 géneros | Context: {"task_type": "aggregation", "track_artist": "will.i.am", "track_title": "Scream & Shout"}
2025-06-21 07:08:30 |     INFO | enrichment | [AGGREGATION] aggregator: Aggregation completed: 2 genres found | Context: {"task_type": "aggregation", "track_artist": "will.i.am", "track_title": "Scream & Shout"}
2025-06-21 07:08:37 |     INFO | enrichment | [AGGREGATION] aggregator: Starting aggregation for Alice Cooper - School's Out_PN | Context: {"task_type": "aggregation", "track_artist": "Alice Cooper", "track_title": "School's Out_PN"}
2025-06-21 07:08:37 |    DEBUG | enrichment | [CACHE_MISS] musicbrainz: Cache miss for Alice Cooper - School's Out_PN | Context: {"task_type": "aggregation", "track_artist": "Alice Cooper", "track_title": "School's Out_PN"}
2025-06-21 07:08:37 |    DEBUG | enrichment | [API_REQUEST] musicbrainz: Requesting Alice Cooper - School's Out_PN | Context: {"task_type": "aggregation", "track_artist": "Alice Cooper", "track_title": "School's Out_PN"}
2025-06-21 07:08:40 |     INFO | enrichment | [API_RESPONSE] musicbrainz: Response from musicbrainz: SUCCESS | Context: {"task_type": "aggregation", "track_artist": "Alice Cooper", "track_title": "School's Out_PN"}
2025-06-21 07:08:40 |    DEBUG | enrichment | [CACHE_MISS] spotify: Cache miss for Alice Cooper - School's Out_PN | Context: {"task_type": "aggregation", "track_artist": "Alice Cooper", "track_title": "School's Out_PN"}
2025-06-21 07:08:40 |    DEBUG | enrichment | [API_REQUEST] spotify: Requesting Alice Cooper - School's Out_PN | Context: {"task_type": "aggregation", "track_artist": "Alice Cooper", "track_title": "School's Out_PN"}
2025-06-21 07:08:40 |     INFO | enrichment | [API_RESPONSE] spotify: Response from spotify: SUCCESS | Context: {"task_type": "aggregation", "track_artist": "Alice Cooper", "track_title": "School's Out_PN"}
2025-06-21 07:08:40 |    DEBUG | enrichment | [CACHE_MISS] discogs: Cache miss for Alice Cooper - School's Out_PN | Context: {"task_type": "aggregation", "track_artist": "Alice Cooper", "track_title": "School's Out_PN"}
2025-06-21 07:08:40 |    DEBUG | enrichment | [API_REQUEST] discogs: Requesting Alice Cooper - School's Out_PN | Context: {"task_type": "aggregation", "track_artist": "Alice Cooper", "track_title": "School's Out_PN"}
2025-06-21 07:08:40 |     INFO | enrichment | [API_RESPONSE] discogs: Response from discogs: SUCCESS | Context: {"task_type": "aggregation", "track_artist": "Alice Cooper", "track_title": "School's Out_PN"}
2025-06-21 07:08:40 |     INFO | enrichment | [API_REQUEST] curator: Curación completada: 4 -> 4 géneros | Context: {"task_type": "aggregation", "track_artist": "Alice Cooper", "track_title": "School's Out_PN"}
2025-06-21 07:08:40 |     INFO | enrichment | [AGGREGATION] aggregator: Aggregation completed: 4 genres found | Context: {"task_type": "aggregation", "track_artist": "Alice Cooper", "track_title": "School's Out_PN"}
2025-06-21 07:08:53 |     INFO | enrichment | [AGGREGATION] aggregator: Starting aggregation for The Automatic - Monster | Context: {"task_type": "aggregation", "track_artist": "The Automatic", "track_title": "Monster"}
2025-06-21 07:08:53 |    DEBUG | enrichment | [CACHE_MISS] musicbrainz: Cache miss for The Automatic - Monster | Context: {"task_type": "aggregation", "track_artist": "The Automatic", "track_title": "Monster"}
2025-06-21 07:08:53 |    DEBUG | enrichment | [API_REQUEST] musicbrainz: Requesting The Automatic - Monster | Context: {"task_type": "aggregation", "track_artist": "The Automatic", "track_title": "Monster"}
2025-06-21 07:08:55 |     INFO | enrichment | [API_RESPONSE] musicbrainz: Response from musicbrainz: SUCCESS | Context: {"task_type": "aggregation", "track_artist": "The Automatic", "track_title": "Monster"}
2025-06-21 07:08:55 |    DEBUG | enrichment | [CACHE_MISS] spotify: Cache miss for The Automatic - Monster | Context: {"task_type": "aggregation", "track_artist": "The Automatic", "track_title": "Monster"}
2025-06-21 07:08:55 |    DEBUG | enrichment | [API_REQUEST] spotify: Requesting The Automatic - Monster | Context: {"task_type": "aggregation", "track_artist": "The Automatic", "track_title": "Monster"}
2025-06-21 07:08:55 |     INFO | enrichment | [API_RESPONSE] spotify: Response from spotify: SUCCESS | Context: {"task_type": "aggregation", "track_artist": "The Automatic", "track_title": "Monster"}
2025-06-21 07:08:55 |    DEBUG | enrichment | [CACHE_MISS] discogs: Cache miss for The Automatic - Monster | Context: {"task_type": "aggregation", "track_artist": "The Automatic", "track_title": "Monster"}
2025-06-21 07:08:55 |    DEBUG | enrichment | [API_REQUEST] discogs: Requesting The Automatic - Monster | Context: {"task_type": "aggregation", "track_artist": "The Automatic", "track_title": "Monster"}
2025-06-21 07:08:55 |     INFO | enrichment | [API_RESPONSE] discogs: Response from discogs: SUCCESS | Context: {"task_type": "aggregation", "track_artist": "The Automatic", "track_title": "Monster"}
2025-06-21 07:08:55 |  WARNING | enrichment | [ERROR] aggregator: Pocos datos obtenidos, activando fallback | Context: {"task_type": "aggregation", "track_artist": "The Automatic", "track_title": "Monster"}
2025-06-21 07:08:55 |    DEBUG | enrichment | [CACHE_MISS] lastfm: Cache miss for The Automatic - Monster | Context: {"task_type": "aggregation", "track_artist": "The Automatic", "track_title": "Monster"}
2025-06-21 07:08:55 |    DEBUG | enrichment | [API_REQUEST] lastfm: Requesting The Automatic - Monster | Context: {"task_type": "aggregation", "track_artist": "The Automatic", "track_title": "Monster"}
2025-06-21 07:08:55 |     INFO | enrichment | [API_RESPONSE] lastfm: Response from lastfm: SUCCESS | Context: {"task_type": "aggregation", "track_artist": "The Automatic", "track_title": "Monster"}
2025-06-21 07:08:55 |     INFO | enrichment | [API_REQUEST] curator: Curación completada: 1 -> 1 géneros | Context: {"task_type": "aggregation", "track_artist": "The Automatic", "track_title": "Monster"}
2025-06-21 07:08:55 |     INFO | enrichment | [AGGREGATION] aggregator: Aggregation completed: 1 genres found | Context: {"task_type": "aggregation", "track_artist": "The Automatic", "track_title": "Monster"}
2025-06-21 07:09:05 |     INFO | enrichment | [AGGREGATION] aggregator: Starting aggregation for Everything But The Girl - Missing (Clean) (Extended) | Context: {"task_type": "aggregation", "track_artist": "Everything But The Girl", "track_title": "Missing (Clean) (Extended)"}
2025-06-21 07:09:05 |    DEBUG | enrichment | [CACHE_MISS] musicbrainz: Cache miss for Everything But The Girl - Missing (Clean) (Extended) | Context: {"task_type": "aggregation", "track_artist": "Everything But The Girl", "track_title": "Missing (Clean) (Extended)"}
2025-06-21 07:09:05 |    DEBUG | enrichment | [API_REQUEST] musicbrainz: Requesting Everything But The Girl - Missing (Clean) (Extended) | Context: {"task_type": "aggregation", "track_artist": "Everything But The Girl", "track_title": "Missing (Clean) (Extended)"}
2025-06-21 07:09:08 |     INFO | enrichment | [API_RESPONSE] musicbrainz: Response from musicbrainz: SUCCESS | Context: {"task_type": "aggregation", "track_artist": "Everything But The Girl", "track_title": "Missing (Clean) (Extended)"}
2025-06-21 07:09:08 |    DEBUG | enrichment | [CACHE_MISS] spotify: Cache miss for Everything But The Girl - Missing (Clean) (Extended) | Context: {"task_type": "aggregation", "track_artist": "Everything But The Girl", "track_title": "Missing (Clean) (Extended)"}
2025-06-21 07:09:08 |    DEBUG | enrichment | [API_REQUEST] spotify: Requesting Everything But The Girl - Missing (Clean) (Extended) | Context: {"task_type": "aggregation", "track_artist": "Everything But The Girl", "track_title": "Missing (Clean) (Extended)"}
2025-06-21 07:09:08 |     INFO | enrichment | [API_RESPONSE] spotify: Response from spotify: SUCCESS | Context: {"task_type": "aggregation", "track_artist": "Everything But The Girl", "track_title": "Missing (Clean) (Extended)"}
2025-06-21 07:09:08 |    DEBUG | enrichment | [CACHE_MISS] discogs: Cache miss for Everything But The Girl - Missing (Clean) (Extended) | Context: {"task_type": "aggregation", "track_artist": "Everything But The Girl", "track_title": "Missing (Clean) (Extended)"}
2025-06-21 07:09:08 |    DEBUG | enrichment | [API_REQUEST] discogs: Requesting Everything But The Girl - Missing (Clean) (Extended) | Context: {"task_type": "aggregation", "track_artist": "Everything But The Girl", "track_title": "Missing (Clean) (Extended)"}
2025-06-21 07:09:08 |     INFO | enrichment | [API_RESPONSE] discogs: Response from discogs: SUCCESS | Context: {"task_type": "aggregation", "track_artist": "Everything But The Girl", "track_title": "Missing (Clean) (Extended)"}
2025-06-21 07:09:08 |  WARNING | enrichment | [ERROR] aggregator: Pocos datos obtenidos, activando fallback | Context: {"task_type": "aggregation", "track_artist": "Everything But The Girl", "track_title": "Missing (Clean) (Extended)"}
2025-06-21 07:09:08 |    DEBUG | enrichment | [CACHE_MISS] lastfm: Cache miss for Everything But The Girl - Missing (Clean) (Extended) | Context: {"task_type": "aggregation", "track_artist": "Everything But The Girl", "track_title": "Missing (Clean) (Extended)"}
2025-06-21 07:09:08 |    DEBUG | enrichment | [API_REQUEST] lastfm: Requesting Everything But The Girl - Missing (Clean) (Extended) | Context: {"task_type": "aggregation", "track_artist": "Everything But The Girl", "track_title": "Missing (Clean) (Extended)"}
2025-06-21 07:09:08 |     INFO | enrichment | [API_RESPONSE] lastfm: Response from lastfm: SUCCESS | Context: {"task_type": "aggregation", "track_artist": "Everything But The Girl", "track_title": "Missing (Clean) (Extended)"}
2025-06-21 07:09:08 |     INFO | enrichment | [API_REQUEST] curator: Curación completada: 4 -> 4 géneros | Context: {"task_type": "aggregation", "track_artist": "Everything But The Girl", "track_title": "Missing (Clean) (Extended)"}
2025-06-21 07:09:08 |     INFO | enrichment | [AGGREGATION] aggregator: Aggregation completed: 4 genres found | Context: {"task_type": "aggregation", "track_artist": "Everything But The Girl", "track_title": "Missing (Clean) (Extended)"}
2025-06-22 08:19:08 |     INFO | enrichment | [AGGREGATION] aggregator: Starting aggregation for Alice Cooper - School's Out_PN | Context: {"task_type": "aggregation", "track_artist": "Alice Cooper", "track_title": "School's Out_PN"}
2025-06-22 08:19:08 |    DEBUG | enrichment | [CACHE_HIT] musicbrainz: Cache hit for Alice Cooper - School's Out_PN | Context: {"task_type": "aggregation", "track_artist": "Alice Cooper", "track_title": "School's Out_PN"}
2025-06-22 08:19:08 |    DEBUG | enrichment | [CACHE_HIT] spotify: Cache hit for Alice Cooper - School's Out_PN | Context: {"task_type": "aggregation", "track_artist": "Alice Cooper", "track_title": "School's Out_PN"}
2025-06-22 08:19:08 |    DEBUG | enrichment | [CACHE_MISS] discogs: Cache miss for Alice Cooper - School's Out_PN | Context: {"task_type": "aggregation", "track_artist": "Alice Cooper", "track_title": "School's Out_PN"}
2025-06-22 08:19:08 |    DEBUG | enrichment | [API_REQUEST] discogs: Requesting Alice Cooper - School's Out_PN | Context: {"task_type": "aggregation", "track_artist": "Alice Cooper", "track_title": "School's Out_PN"}
2025-06-22 08:19:08 |     INFO | enrichment | [API_RESPONSE] discogs: Response from discogs: SUCCESS | Context: {"task_type": "aggregation", "track_artist": "Alice Cooper", "track_title": "School's Out_PN"}
2025-06-22 08:19:08 |     INFO | enrichment | [API_REQUEST] curator: Curación completada: 4 -> 4 géneros | Context: {"task_type": "aggregation", "track_artist": "Alice Cooper", "track_title": "School's Out_PN"}
2025-06-22 08:19:08 |     INFO | enrichment | [AGGREGATION] aggregator: Aggregation completed: 4 genres found | Context: {"task_type": "aggregation", "track_artist": "Alice Cooper", "track_title": "School's Out_PN"}
2025-06-22 08:19:08 |     INFO | enrichment | [API_REQUEST] audio_enricher: Starting audio analysis for Alice Cooper - School's Out_PN.flac | Context: {"task_type": "aggregation", "track_artist": "Alice Cooper", "track_title": "School's Out_PN"}
2025-06-22 08:19:32 |    DEBUG | enrichment | [API_REQUEST] audio_enricher: Audio features saved to DB for Alice Cooper - School's Out_PN.flac | Context: {"task_type": "aggregation", "track_artist": "Alice Cooper", "track_title": "School's Out_PN"}
2025-06-22 08:19:32 |     INFO | enrichment | [API_RESPONSE] audio_enricher: Audio analysis completed for Alice Cooper - School's Out_PN.flac | Context: {"task_type": "aggregation", "track_artist": "Alice Cooper", "track_title": "School's Out_PN"}
